f:\myfile\univer\5sem\системное программирование (смелов лк, лр смайл(лосевич николай))\сп-02\lab2\sp02_com\x64\debug\sp02_com.pch
f:\myfile\univer\5sem\системное программирование (смелов лк, лр смайл(лосевич николай))\сп-02\lab2\sp02_com\x64\debug\vc143.pdb
f:\myfile\univer\5sem\системное программирование (смелов лк, лр смайл(лосевич николай))\сп-02\lab2\sp02_com\x64\debug\vc143.idb
f:\myfile\univer\5sem\системное программирование (смелов лк, лр смайл(лосевич николай))\сп-02\lab2\sp02_com\x64\debug\pch.obj
f:\myfile\univer\5sem\системное программирование (смелов лк, лр смайл(лосевич николай))\сп-02\lab2\sp02_com\x64\debug\sp02.obj
f:\myfile\univer\5sem\системное программирование (смелов лк, лр смайл(лосевич николай))\сп-02\lab2\sp02_com\x64\debug\registry.obj
f:\myfile\univer\5sem\системное программирование (смелов лк, лр смайл(лосевич николай))\сп-02\lab2\sp02_com\x64\debug\mathfactory.obj
f:\myfile\univer\5sem\системное программирование (смелов лк, лр смайл(лосевич николай))\сп-02\lab2\sp02_com\x64\debug\dllmain.obj
f:\myfile\univer\5sem\системное программирование (смелов лк, лр смайл(лосевич николай))\сп-02\lab2\x64\debug\sp02_com.lib
f:\myfile\univer\5sem\системное программирование (смелов лк, лр смайл(лосевич николай))\сп-02\lab2\x64\debug\sp02_com.exp
f:\myfile\univer\5sem\системное программирование (смелов лк, лр смайл(лосевич николай))\сп-02\lab2\x64\debug\sp02_com.dll
f:\myfile\univer\5sem\системное программирование (смелов лк, лр смайл(лосевич николай))\сп-02\lab2\sp02_com\x64\debug\sp02_com.ilk
f:\myfile\univer\5sem\системное программирование (смелов лк, лр смайл(лосевич николай))\сп-02\lab2\x64\debug\sp02_com.pdb
f:\myfile\univer\5sem\системное программирование (смелов лк, лр смайл(лосевич николай))\сп-02\lab2\sp02_com\x64\debug\sp02_com.tlog\cl.command.1.tlog
f:\myfile\univer\5sem\системное программирование (смелов лк, лр смайл(лосевич николай))\сп-02\lab2\sp02_com\x64\debug\sp02_com.tlog\cl.items.tlog
f:\myfile\univer\5sem\системное программирование (смелов лк, лр смайл(лосевич николай))\сп-02\lab2\sp02_com\x64\debug\sp02_com.tlog\cl.read.1.tlog
f:\myfile\univer\5sem\системное программирование (смелов лк, лр смайл(лосевич николай))\сп-02\lab2\sp02_com\x64\debug\sp02_com.tlog\cl.write.1.tlog
f:\myfile\univer\5sem\системное программирование (смелов лк, лр смайл(лосевич николай))\сп-02\lab2\sp02_com\x64\debug\sp02_com.tlog\link.command.1.tlog
f:\myfile\univer\5sem\системное программирование (смелов лк, лр смайл(лосевич николай))\сп-02\lab2\sp02_com\x64\debug\sp02_com.tlog\link.read.1.tlog
f:\myfile\univer\5sem\системное программирование (смелов лк, лр смайл(лосевич николай))\сп-02\lab2\sp02_com\x64\debug\sp02_com.tlog\link.write.1.tlog
f:\myfile\univer\5sem\системное программирование (смелов лк, лр смайл(лосевич николай))\сп-02\lab2\sp02_com\x64\debug\sp02_com.tlog\link.write.2u.tlog
